<?xml version="1.0" encoding="UTF-8"?>
<!-- Generated by org.testng.reporters.JUnitReportReporter -->
<testsuite hostname="DESKTOP-OE9SCI5" failures="0" tests="2" name="runner.TestRunner" time="11.685" errors="0" timestamp="2023-04-07T18:37:15 EDT" skipped="0">
  <testcase classname="runner.TestRunner" name="runScenario" time="5.723"/>
  <system-out/>
  <testcase classname="runner.TestRunner" name="runScenario" time="5.962"/>
  <system-out/>
</testsuite> <!-- runner.TestRunner -->
